<?xml version="1.0" encoding="UTF-8"?>
<!-- Generated by org.testng.reporters.JUnitXMLReporter -->
<testsuite ignored="1" hostname="LAPTOP-ESVA0SVA" failures="0" tests="4" name="Test2" time="45.176" errors="0" timestamp="2025-07-20T12:40:09 IST">
  <testcase classname="Assignment.WindowHandler" name="actionsContextClick" time="0.802"/>
  <testcase classname="Assignment.WindowHandler" name="checkBox" time="0.922"/>
  <testcase classname="Assignment.WindowHandler" name="dragAndDrop" time="1.049"/>
  <testcase classname="Assignment.WindowHandler" name="windowHandler" time="1.377"/>
  <testcase classname="Assignment.WindowHandler" name="staticDropdown" time="0.0">
    <ignored/>
  </testcase> <!-- staticDropdown -->
</testsuite> <!-- Test2 -->
