<?xml version="1.0" encoding="UTF-8"?>
<!-- Generated by org.testng.reporters.JUnitXMLReporter -->
<testsuite ignored="1" hostname="LAPTOP-ESVA0SVA" failures="0" tests="4" name="Test1" time="40.058" errors="0" timestamp="2025-07-20T12:40:04 IST">
  <testcase classname="Assignment.WindowHandler" name="actionsContextClick" time="0.767"/>
  <testcase classname="Assignment.WindowHandler" name="checkBox" time="0.761"/>
  <testcase classname="Assignment.WindowHandler" name="dragAndDrop" time="0.837"/>
  <testcase classname="Assignment.WindowHandler" name="windowHandler" time="1.329"/>
  <testcase classname="Assignment.WindowHandler" name="staticDropdown" time="0.0">
    <ignored/>
  </testcase> <!-- staticDropdown -->
</testsuite> <!-- Test1 -->
