<?xml version="1.0" encoding="UTF-8"?>
<testng-results ignored="1" total="2" passed="1" failed="0" skipped="0">
  <reporter-output>
  </reporter-output>
  <suite started-at="2025-07-22T22:40:16 IST" name="Suite" finished-at="2025-07-22T22:40:33 IST" duration-ms="17303">
    <groups>
    </groups>
    <test started-at="2025-07-22T22:40:16 IST" name="Test" finished-at="2025-07-22T22:40:33 IST" duration-ms="17303">
      <class name="Assignment.Automate">
        <test-method is-config="true" signature="test1()[pri:0, instance:Assignment.Automate@78691363]" started-at="2025-07-22T22:40:16 IST" name="test1" finished-at="2025-07-22T22:40:26 IST" duration-ms="10713" status="PASS">
          <reporter-output>
          </reporter-output>
        </test-method> <!-- test1 -->
        <test-method signature="cashOut()[pri:0, instance:Assignment.Automate@78691363]" started-at="2025-07-22T22:40:26 IST" name="cashOut" finished-at="2025-07-22T22:40:33 IST" duration-ms="6503" status="PASS">
          <reporter-output>
          </reporter-output>
        </test-method> <!-- cashOut -->
      </class> <!-- Assignment.Automate -->
    </test> <!-- Test -->
  </suite> <!-- Suite -->
</testng-results>
